[20:51:35] [main/INFO]: Loading tweak class name cpw.mods.fml.common.launcher.FMLTweaker
[20:51:35] [main/INFO]: Using primary tweak class name cpw.mods.fml.common.launcher.FMLTweaker
[20:51:35] [main/INFO]: Calling tweak class cpw.mods.fml.common.launcher.FMLTweaker
[20:51:35] [main/INFO]: Forge Mod Loader version 7.2.172.1073 for Minecraft 1.7.2 loading
[20:51:35] [main/INFO]: Java is Java HotSpot(TM) 64-Bit Server VM, version 1.7.0_09, running on Windows 7:amd64:6.1, installed at C:\Program Files\Java\jre7
[20:51:35] [main/INFO]: Managed to load a deobfuscated Minecraft name- we are in a deobfuscated environment. Skipping runtime deobfuscation
[20:51:35] [main/INFO]: Loading tweak class name cpw.mods.fml.common.launcher.FMLInjectionAndSortingTweaker
[20:51:35] [main/INFO]: Loading tweak class name cpw.mods.fml.common.launcher.FMLDeobfTweaker
[20:51:35] [main/INFO]: Calling tweak class cpw.mods.fml.common.launcher.FMLInjectionAndSortingTweaker
[20:51:35] [main/INFO]: Calling tweak class cpw.mods.fml.common.launcher.FMLInjectionAndSortingTweaker
[20:51:35] [main/INFO]: Calling tweak class cpw.mods.fml.relauncher.CoreModManager$FMLPluginWrapper
[20:51:35] [main/ERROR]: The binary patch set is missing. Either you are in a development environment, or things are not going to work!
[20:51:35] [main/ERROR]: The minecraft jar file:/C:/Users/Ben/.gradle/caches/minecraft/net/minecraftforge/forge/1.7.2-10.12.1.1073/forgeBin-1.7.2-10.12.1.1073.jar!/net/minecraft/client/ClientBrandRetriever.class appears to be corrupt! There has been CRITICAL TAMPERING WITH MINECRAFT, it is highly unlikely minecraft will work! STOP NOW, get a clean copy and try again!
[20:51:35] [main/ERROR]: FML has been ordered to ignore the invalid or missing minecraft certificate. This is very likely to cause a problem!
[20:51:35] [main/ERROR]: Technical information: ClientBrandRetriever was at jar:file:/C:/Users/Ben/.gradle/caches/minecraft/net/minecraftforge/forge/1.7.2-10.12.1.1073/forgeBin-1.7.2-10.12.1.1073.jar!/net/minecraft/client/ClientBrandRetriever.class, there were 0 certificates for it
[20:51:35] [main/ERROR]: FML appears to be missing any signature data. This is not a good thing
[20:51:35] [main/INFO]: Calling tweak class cpw.mods.fml.relauncher.CoreModManager$FMLPluginWrapper
[20:51:35] [main/INFO]: Calling tweak class cpw.mods.fml.common.launcher.FMLDeobfTweaker
[20:51:36] [main/INFO]: Launching wrapped minecraft {net.minecraft.client.main.Main}
[20:51:37] [main/INFO]: Setting user: Player787
[20:51:38] [Client thread/INFO]: LWJGL Version: 2.9.0
[20:51:38] [Client thread/ERROR]: Couldn't set icon
javax.imageio.IIOException: Can't read input file!
	at javax.imageio.ImageIO.read(Unknown Source) ~[?:1.7.0_09]
	at net.minecraft.client.Minecraft.readImage(Minecraft.java:583) ~[Minecraft.class:?]
	at net.minecraft.client.Minecraft.startGame(Minecraft.java:415) [Minecraft.class:?]
	at net.minecraft.client.Minecraft.run(Minecraft.java:815) [Minecraft.class:?]
	at net.minecraft.client.main.Main.main(SourceFile:103) [Main.class:?]
	at sun.reflect.NativeMethodAccessorImpl.invoke0(Native Method) ~[?:1.7.0_09]
	at sun.reflect.NativeMethodAccessorImpl.invoke(Unknown Source) ~[?:1.7.0_09]
	at sun.reflect.DelegatingMethodAccessorImpl.invoke(Unknown Source) ~[?:1.7.0_09]
	at java.lang.reflect.Method.invoke(Unknown Source) ~[?:1.7.0_09]
	at net.minecraft.launchwrapper.Launch.launch(Launch.java:134) [launchwrapper-1.9.jar:?]
	at net.minecraft.launchwrapper.Launch.main(Launch.java:28) [launchwrapper-1.9.jar:?]
[20:51:39] [Client thread/INFO]: Attempting early MinecraftForge initialization
[20:51:39] [Client thread/INFO]: MinecraftForge v10.12.1.1073 Initialized
[20:51:39] [Client thread/INFO]: Replaced 141 ore recipies
[20:51:39] [Client thread/INFO]: Completed early MinecraftForge initialization
[20:51:39] [Client thread/INFO]: Searching C:\Users\Edward\git\realismcraft\ForgeMods\mods for mods
[20:51:39] [Client thread/INFO]: Mod realismcraft is missing the required element 'name'. Substituting realismcraft
[20:51:40] [Client thread/ERROR]: FML has detected a mod that is using a package name based on 'net.minecraft.src' : net.minecraft.src.FMLRenderAccessLibrary. This is generally a severe programming error.  There should be no mod code in the minecraft namespace. MOVE YOUR MOD! If you're in eclipse, select your source code and 'refactor' it into a new package. Go on. DO IT NOW!
[20:51:40] [Client thread/ERROR]: FML has detected a mod that is using a package name based on 'net.minecraft.src' : net.minecraft.src.Start. This is generally a severe programming error.  There should be no mod code in the minecraft namespace. MOVE YOUR MOD! If you're in eclipse, select your source code and 'refactor' it into a new package. Go on. DO IT NOW!
[20:51:41] [Client thread/INFO]: Forge Mod Loader has identified 4 mods to load
[20:51:42] [Client thread/INFO]: Configured a dormant chunk cache size of 0
[20:51:42] [Client thread/INFO]: Reloading ResourceManager: Default, FMLFileResourcePack:Forge Mod Loader, FMLFileResourcePack:Minecraft Forge, FMLFileResourcePack:realismcraft
[20:51:43] [Sound Library Loader/INFO]: Sound engine started
[20:51:43] [Client thread/INFO]: Created: 512x256 textures/blocks-atlas
[20:51:43] [Client thread/INFO]: Created: 256x256 textures/items-atlas
[20:51:43] [Client thread/INFO]: Forge Mod Loader has successfully loaded 4 mods
[20:51:43] [Client thread/INFO]: Reloading ResourceManager: Default, FMLFileResourcePack:Forge Mod Loader, FMLFileResourcePack:Minecraft Forge, FMLFileResourcePack:realismcraft
[20:51:44] [Client thread/INFO]: Created: 256x256 textures/items-atlas
[20:51:44] [Client thread/INFO]: Created: 512x256 textures/blocks-atlas
[20:51:45] [Sound Library Loader/INFO]: Sound engine started
[20:51:46] [MCO Availability Checker #1/ERROR]: Couldn't connect to Realms
[20:51:50] [Client thread/WARN]: Unable to play unknown soundEvent: minecraft:music.menu
[20:51:55] [Client thread/WARN]: Unable to play unknown soundEvent: minecraft:music.menu
[20:52:03] [Client thread/WARN]: Unable to play unknown soundEvent: minecraft:gui.button.press
[20:52:03] [Client thread/INFO]: Stopping!
